<?xml version="1.0" encoding="UTF-8"?>
<testsuites name="Testing RE1" time="18.263" tests="1" failures="0" errors="0">
   <testsuite name="Testing RE1" tests="1" failures="0" errors="0" time="18.263" timestamp="2020-01-17 12:41:32" hostname="sshah - host.docker.internal" id="Test Suites/Testing RE1">
      <properties>
         <property name="deviceName" value=""/>
         <property name="devicePlatform" value=""/>
         <property name="logFolder" value="C:\\Users\\Sshah\\git\\FailureTest\\Reports\\20200117_124130\\Testing RE1\\20200117_124130"/>
         <property name="logFiles" value="C:\\Users\\Sshah\\git\\FailureTest\\Reports\\20200117_124130\\Testing RE1\\20200117_124130\\execution0.log"/>
         <property name="attachments" value=""/>
         <property name="hostName" value="sshah - host.docker.internal"/>
         <property name="os" value="Windows 10 64bit"/>
         <property name="katalonVersion" value="null.null"/>
         <property name="browser" value="Chrome 79.0.3945.117"/>
         <property name="hostAddress" value="10.2.5.87"/>
         <property name="sessionId" value="c0462970c230e5b9653292a3804f31bc"/>
         <property name="seleniumVersion" value="3.141.59"/>
         <property name="proxyInformation" value="ProxyInformation{proxyOption=NO_PROXY, proxyServerType=HTTP, password=, proxyServerAddress=, proxyServerPort=0, executionList=}"/>
         <property name="platform" value="Windows 10"/>
      </properties>
      <testcase name="Test Cases/Testing" time="17.879" classname="Test Cases/Testing" status="PASSED">
         <system-out><![CDATA[2020-01-17 12:41:32 - [TEST_CASE][PASSED] - Test Cases/Testing: Test Cases/Testing

2020-01-17 12:41:33 - [TEST_STEP][PASSED] - openBrowser(""): Browser is opened with url: ''

2020-01-17 12:41:33 - [MESSAGE][INFO] - Starting 'Chrome' driver

2020-01-17 12:41:33 - [MESSAGE][INFO] - Action delay is set to 0 seconds

2020-01-17 12:41:40 - [MESSAGE][PASSED] - Browser is opened with url: ''

2020-01-17 12:41:40 - [TEST_STEP][PASSED] - navigateToUrl("https://genesis.dev.lrescorp.com/Account/Logon?ReturnUrl=%2fOrders%2fPipeline"): Navigate to 'https://genesis.dev.lrescorp.com/Account/Logon?ReturnUrl=%2fOrders%2fPipeline' successfully

2020-01-17 12:41:41 - [MESSAGE][PASSED] - Navigate to 'https://genesis.dev.lrescorp.com/Account/Logon?ReturnUrl=%2fOrders%2fPipeline' successfully

2020-01-17 12:41:41 - [TEST_STEP][PASSED] - maximizeWindow(): Current window maximized

2020-01-17 12:41:45 - [MESSAGE][PASSED] - Current window maximized

2020-01-17 12:41:45 - [TEST_STEP][PASSED] - setText(findTestObject("Object Repository/Page_Admin Portal Login/input_User Name_UserName"), "sshah"): Text 'sshah' is set on object 'Object Repository/Page_Admin Portal Login/input_User Name_UserName'

2020-01-17 12:41:45 - [MESSAGE][PASSED] - Text 'sshah' is set on object 'Object Repository/Page_Admin Portal Login/input_User Name_UserName'

2020-01-17 12:41:45 - [TEST_STEP][PASSED] - setText(findTestObject("Object Repository/Page_Admin Portal Login/input_Password_Password"), "Welcome1!"): Text 'Welcome1!' is set on object 'Object Repository/Page_Admin Portal Login/input_Password_Password'

2020-01-17 12:41:46 - [MESSAGE][PASSED] - Text 'Welcome1!' is set on object 'Object Repository/Page_Admin Portal Login/input_Password_Password'

2020-01-17 12:41:46 - [TEST_STEP][PASSED] - click(findTestObject("Object Repository/Page_Admin Portal Login/button_Login")): Object: 'Object Repository/Page_Admin Portal Login/button_Login' is clicked on

2020-01-17 12:41:49 - [MESSAGE][PASSED] - Object: 'Object Repository/Page_Admin Portal Login/button_Login' is clicked on

2020-01-17 12:41:49 - [TEST_STEP][PASSED] - closeBrowser(): Browser is closed

2020-01-17 12:41:50 - [MESSAGE][PASSED] - Browser is closed]]></system-out>
         <system-err><![CDATA[]]></system-err>
      </testcase>
      <system-out><![CDATA[2020-01-17 12:41:32 - [TEST_SUITE][PASSED] - Testing RE1: Test Cases/Testing]]></system-out>
      <system-err><![CDATA[]]></system-err>
   </testsuite>
</testsuites>
