<?xml version="1.0" encoding="UTF-8"?>
<testsuites name="New Test Suite" time="66.182" tests="1" failures="0" errors="0">
   <testsuite name="New Test Suite" tests="1" failures="0" errors="0" time="66.182" timestamp="2020-01-17 11:52:30" hostname="sshah - host.docker.internal" id="Test Suites/New Test Suite">
      <properties>
         <property name="deviceName" value=""/>
         <property name="devicePlatform" value=""/>
         <property name="logFolder" value="C:\\Users\\Sshah\\git\\FailureTest\\Reports\\20200117_115225\\New Test Suite\\20200117_115225"/>
         <property name="logFiles" value="C:\\Users\\Sshah\\git\\FailureTest\\Reports\\20200117_115225\\New Test Suite\\20200117_115225\\execution0.log"/>
         <property name="attachments" value=""/>
         <property name="hostName" value="sshah - host.docker.internal"/>
         <property name="os" value="Windows 10 64bit"/>
         <property name="katalonVersion" value="7.2.1.1"/>
         <property name="browser" value="Chrome 79.0.3945.117"/>
         <property name="hostAddress" value="10.2.5.87"/>
         <property name="sessionId" value="3585309f9404ca868213201ed93da2d6"/>
         <property name="seleniumVersion" value="3.141.59"/>
         <property name="proxyInformation" value="ProxyInformation{proxyOption=NO_PROXY, proxyServerType=HTTP, password=, proxyServerAddress=, proxyServerPort=0, executionList=}"/>
         <property name="platform" value="Windows 10"/>
      </properties>
      <testcase name="Test Cases/Testing" time="65.663" classname="Test Cases/Testing" status="PASSED">
         <system-out><![CDATA[2020-01-17 11:52:30 - [TEST_CASE][PASSED] - Test Cases/Testing: Test Cases/Testing

2020-01-17 11:52:30 - [TEST_STEP][PASSED] - openBrowser(""): Browser is opened with url: ''

2020-01-17 11:52:31 - [MESSAGE][INFO] - Starting 'Chrome' driver

2020-01-17 11:52:31 - [MESSAGE][INFO] - Action delay is set to 0 seconds

2020-01-17 11:52:55 - [MESSAGE][PASSED] - Browser is opened with url: ''

2020-01-17 11:52:55 - [TEST_STEP][PASSED] - navigateToUrl("https://genesis.dev.lrescorp.com/Account/Logon?ReturnUrl=%2fOrders%2fPipeline"): Navigate to 'https://genesis.dev.lrescorp.com/Account/Logon?ReturnUrl=%2fOrders%2fPipeline' successfully

2020-01-17 11:53:17 - [MESSAGE][PASSED] - Navigate to 'https://genesis.dev.lrescorp.com/Account/Logon?ReturnUrl=%2fOrders%2fPipeline' successfully

2020-01-17 11:53:17 - [TEST_STEP][PASSED] - maximizeWindow(): Current window maximized

2020-01-17 11:53:30 - [MESSAGE][PASSED] - Current window maximized

2020-01-17 11:53:30 - [TEST_STEP][PASSED] - setText(findTestObject("Object Repository/Page_Admin Portal Login/input_User Name_UserName"), "sshah"): Text 'sshah' is set on object 'Object Repository/Page_Admin Portal Login/input_User Name_UserName'

2020-01-17 11:53:30 - [MESSAGE][PASSED] - Text 'sshah' is set on object 'Object Repository/Page_Admin Portal Login/input_User Name_UserName'

2020-01-17 11:53:30 - [TEST_STEP][PASSED] - setText(findTestObject("Object Repository/Page_Admin Portal Login/input_Password_Password"), "Welcome1!"): Text 'Welcome1!' is set on object 'Object Repository/Page_Admin Portal Login/input_Password_Password'

2020-01-17 11:53:31 - [MESSAGE][PASSED] - Text 'Welcome1!' is set on object 'Object Repository/Page_Admin Portal Login/input_Password_Password'

2020-01-17 11:53:31 - [TEST_STEP][PASSED] - click(findTestObject("Object Repository/Page_Admin Portal Login/button_Login")): Object: 'Object Repository/Page_Admin Portal Login/button_Login' is clicked on

2020-01-17 11:53:34 - [MESSAGE][PASSED] - Object: 'Object Repository/Page_Admin Portal Login/button_Login' is clicked on

2020-01-17 11:53:34 - [TEST_STEP][PASSED] - closeBrowser(): Browser is closed

2020-01-17 11:53:36 - [MESSAGE][PASSED] - Browser is closed]]></system-out>
         <system-err><![CDATA[]]></system-err>
      </testcase>
      <system-out><![CDATA[2020-01-17 11:52:30 - [TEST_SUITE][PASSED] - New Test Suite: Test Cases/Testing]]></system-out>
      <system-err><![CDATA[]]></system-err>
   </testsuite>
</testsuites>
