<?xml version="1.0" encoding="UTF-8"?>
<testsuites name="Testing RE1" time="35.655" tests="1" failures="0" errors="0">
   <testsuite name="Testing RE1" tests="1" failures="0" errors="0" time="35.655" timestamp="2020-01-17 15:52:09" hostname="sshah - host.docker.internal" id="Test Suites/Testing RE1">
      <properties>
         <property name="deviceName" value=""/>
         <property name="devicePlatform" value=""/>
         <property name="logFolder" value="C:\\Users\\Sshah\\git\\FailureTest\\Reports\\20200117_155202\\Testing RE1\\20200117_155202"/>
         <property name="logFiles" value="C:\\Users\\Sshah\\git\\FailureTest\\Reports\\20200117_155202\\Testing RE1\\20200117_155202\\execution0.log"/>
         <property name="attachments" value=""/>
         <property name="hostName" value="sshah - host.docker.internal"/>
         <property name="os" value="Windows 10 64bit"/>
         <property name="katalonVersion" value="7.2.1.1"/>
         <property name="browser" value="Chrome 79.0.3945.117"/>
         <property name="hostAddress" value="10.2.5.87"/>
         <property name="sessionId" value="fbdfbc67e6240b8095f9561471ce3b38"/>
         <property name="seleniumVersion" value="3.141.59"/>
         <property name="proxyInformation" value="ProxyInformation{proxyOption=NO_PROXY, proxyServerType=HTTP, password=, proxyServerAddress=, proxyServerPort=0, executionList=}"/>
         <property name="platform" value="Windows 10"/>
      </properties>
      <testcase name="Test Cases/Testing" time="35.248" classname="Test Cases/Testing" status="PASSED">
         <system-out><![CDATA[2020-01-17 15:52:10 - [TEST_CASE][PASSED] - Test Cases/Testing: Test Cases/Testing

2020-01-17 15:52:10 - [TEST_STEP][PASSED] - openBrowser(""): Browser is opened with url: ''

2020-01-17 15:52:11 - [MESSAGE][INFO] - Starting 'Chrome' driver

2020-01-17 15:52:11 - [MESSAGE][INFO] - Action delay is set to 0 seconds

2020-01-17 15:52:20 - [MESSAGE][PASSED] - Browser is opened with url: ''

2020-01-17 15:52:20 - [TEST_STEP][PASSED] - navigateToUrl("https://genesis.dev.lrescorp.com/Account/Logon?ReturnUrl=%2f"): Navigate to 'https://genesis.dev.lrescorp.com/Account/Logon?ReturnUrl=%2f' successfully

2020-01-17 15:52:22 - [MESSAGE][PASSED] - Navigate to 'https://genesis.dev.lrescorp.com/Account/Logon?ReturnUrl=%2f' successfully

2020-01-17 15:52:22 - [TEST_STEP][PASSED] - maximizeWindow(): Current window maximized

2020-01-17 15:52:26 - [MESSAGE][PASSED] - Current window maximized

2020-01-17 15:52:26 - [TEST_STEP][PASSED] - delay(2): Delayed 2 second(s)

2020-01-17 15:52:28 - [MESSAGE][PASSED] - Delayed 2 second(s)

2020-01-17 15:52:28 - [TEST_STEP][PASSED] - setText(findTestObject("Object Repository/Login/UserName"), "sshah"): Text 'sshah' is set on object 'Object Repository/Login/UserName'

2020-01-17 15:52:28 - [MESSAGE][PASSED] - Text 'sshah' is set on object 'Object Repository/Login/UserName'

2020-01-17 15:52:28 - [TEST_STEP][PASSED] - delay(2): Delayed 2 second(s)

2020-01-17 15:52:30 - [MESSAGE][PASSED] - Delayed 2 second(s)

2020-01-17 15:52:30 - [TEST_STEP][PASSED] - setText(findTestObject("Object Repository/Login/Password"), "Welcome1!"): Text 'Welcome1!' is set on object 'Object Repository/Login/Password'

2020-01-17 15:52:31 - [MESSAGE][PASSED] - Text 'Welcome1!' is set on object 'Object Repository/Login/Password'

2020-01-17 15:52:31 - [TEST_STEP][PASSED] - delay(2): Delayed 2 second(s)

2020-01-17 15:52:33 - [MESSAGE][PASSED] - Delayed 2 second(s)

2020-01-17 15:52:33 - [TEST_STEP][PASSED] - click(findTestObject("Object Repository/Login/button_Login")): Object: 'Object Repository/Login/button_Login' is clicked on

2020-01-17 15:52:36 - [MESSAGE][PASSED] - Object: 'Object Repository/Login/button_Login' is clicked on

2020-01-17 15:52:36 - [TEST_STEP][PASSED] - delay(8): Delayed 8 second(s)

2020-01-17 15:52:44 - [MESSAGE][PASSED] - Delayed 8 second(s)

2020-01-17 15:52:44 - [TEST_STEP][PASSED] - closeBrowser(): Browser is closed

2020-01-17 15:52:45 - [MESSAGE][PASSED] - Browser is closed]]></system-out>
         <system-err><![CDATA[]]></system-err>
      </testcase>
      <system-out><![CDATA[2020-01-17 15:52:09 - [TEST_SUITE][PASSED] - Testing RE1: Test Cases/Testing]]></system-out>
      <system-err><![CDATA[]]></system-err>
   </testsuite>
</testsuites>
