<?xml version="1.0" encoding="UTF-8"?>
<testsuites name="Testing RE1" time="27.172" tests="1" failures="0" errors="0">
   <testsuite name="Testing RE1" tests="1" failures="0" errors="0" time="27.172" timestamp="2020-01-17 16:12:11" hostname="sshah - host.docker.internal" id="Test Suites/Testing RE1">
      <properties>
         <property name="deviceName" value=""/>
         <property name="devicePlatform" value=""/>
         <property name="logFolder" value="C:\\Users\\Sshah\\git\\FailureTest\\Reports\\20200117_161208\\Testing RE1\\20200117_161208"/>
         <property name="logFiles" value="C:\\Users\\Sshah\\git\\FailureTest\\Reports\\20200117_161208\\Testing RE1\\20200117_161208\\execution0.log"/>
         <property name="attachments" value=""/>
         <property name="hostName" value="sshah - host.docker.internal"/>
         <property name="os" value="Windows 10 64bit"/>
         <property name="katalonVersion" value="null.null"/>
         <property name="browser" value="Chrome 79.0.3945.117"/>
         <property name="hostAddress" value="10.2.5.87"/>
         <property name="sessionId" value="7d7a82ada0611e53e885e99f4e0206ae"/>
         <property name="seleniumVersion" value="3.141.59"/>
         <property name="proxyInformation" value="ProxyInformation{proxyOption=NO_PROXY, proxyServerType=HTTP, password=, proxyServerAddress=, proxyServerPort=0, executionList=}"/>
         <property name="platform" value="Windows 10"/>
      </properties>
      <testcase name="Test Cases/Website" time="26.843" classname="Test Cases/Website" status="PASSED">
         <system-out><![CDATA[2020-01-17 16:12:11 - [TEST_CASE][PASSED] - Test Cases/Website: Test Cases/Website

2020-01-17 16:12:12 - [TEST_STEP][PASSED] - openBrowser(""): Browser is opened with url: ''

2020-01-17 16:12:12 - [MESSAGE][INFO] - Starting 'Chrome' driver

2020-01-17 16:12:12 - [MESSAGE][INFO] - Action delay is set to 0 seconds

2020-01-17 16:12:18 - [MESSAGE][PASSED] - Browser is opened with url: ''

2020-01-17 16:12:18 - [TEST_STEP][PASSED] - navigateToUrl("https://www.katalon.com/"): Navigate to 'https://www.katalon.com/' successfully

2020-01-17 16:12:25 - [MESSAGE][PASSED] - Navigate to 'https://www.katalon.com/' successfully

2020-01-17 16:12:25 - [TEST_STEP][PASSED] - maximizeWindow(): Current window maximized

2020-01-17 16:12:29 - [MESSAGE][PASSED] - Current window maximized

2020-01-17 16:12:29 - [TEST_STEP][PASSED] - click(findTestObject("Object Repository/Website/Page_Katalon  Simplify Web API Mobile Deskt_8a6745/a_Sign In")): Object: 'Object Repository/Website/Page_Katalon  Simplify Web API Mobile Deskt_8a6745/a_Sign In' is clicked on

2020-01-17 16:12:33 - [MESSAGE][PASSED] - Object: 'Object Repository/Website/Page_Katalon  Simplify Web API Mobile Deskt_8a6745/a_Sign In' is clicked on

2020-01-17 16:12:33 - [TEST_STEP][PASSED] - setText(findTestObject("Object Repository/Website/Page_Sign in  Katalon Solution/input_Sign in to Katalon_user_email"), "sshah@lrescorp.com"): Text 'sshah@lrescorp.com' is set on object 'Object Repository/Website/Page_Sign in  Katalon Solution/input_Sign in to Katalon_user_email'

2020-01-17 16:12:34 - [MESSAGE][PASSED] - Text 'sshah@lrescorp.com' is set on object 'Object Repository/Website/Page_Sign in  Katalon Solution/input_Sign in to Katalon_user_email'

2020-01-17 16:12:34 - [TEST_STEP][PASSED] - setText(findTestObject("Object Repository/Website/Page_Sign in  Katalon Solution/input_Sign in to Katalon_user_pass"), "Audi$2326"): Text 'Audi$2326' is set on object 'Object Repository/Website/Page_Sign in  Katalon Solution/input_Sign in to Katalon_user_pass'

2020-01-17 16:12:34 - [MESSAGE][PASSED] - Text 'Audi$2326' is set on object 'Object Repository/Website/Page_Sign in  Katalon Solution/input_Sign in to Katalon_user_pass'

2020-01-17 16:12:34 - [TEST_STEP][PASSED] - click(findTestObject("Object Repository/Website/Page_Sign in  Katalon Solution/input_Remember me_login-btn")): Object: 'Object Repository/Website/Page_Sign in  Katalon Solution/input_Remember me_login-btn' is clicked on

2020-01-17 16:12:34 - [MESSAGE][PASSED] - Object: 'Object Repository/Website/Page_Sign in  Katalon Solution/input_Remember me_login-btn' is clicked on

2020-01-17 16:12:34 - [TEST_STEP][PASSED] - click(findTestObject("Object Repository/Website/Page_Katalon  Simplify Web API Mobile Deskt_8a6745/a_Sign Out")): Object: 'Object Repository/Website/Page_Katalon  Simplify Web API Mobile Deskt_8a6745/a_Sign Out' is clicked on

2020-01-17 16:12:37 - [MESSAGE][PASSED] - Object: 'Object Repository/Website/Page_Katalon  Simplify Web API Mobile Deskt_8a6745/a_Sign Out' is clicked on

2020-01-17 16:12:37 - [TEST_STEP][PASSED] - closeBrowser(): Browser is closed

2020-01-17 16:12:38 - [MESSAGE][PASSED] - Browser is closed]]></system-out>
         <system-err><![CDATA[]]></system-err>
      </testcase>
      <system-out><![CDATA[2020-01-17 16:12:11 - [TEST_SUITE][PASSED] - Testing RE1: Test Cases/Website]]></system-out>
      <system-err><![CDATA[]]></system-err>
   </testsuite>
</testsuites>
